[debug] [2023-09-14T11:24:15.727Z] ----------------------------------------------------------------------
[debug] [2023-09-14T11:24:15.733Z] Command:       C:\Program Files\nodejs\node.exe C:\Users\visha\AppData\Roaming\npm\node_modules\firebase-tools\lib\bin\firebase.js init
[debug] [2023-09-14T11:24:15.734Z] CLI Version:   12.5.4
[debug] [2023-09-14T11:24:15.736Z] Platform:      win32
[debug] [2023-09-14T11:24:15.737Z] Node Version:  v18.15.0
[debug] [2023-09-14T11:24:15.745Z] Time:          Thu Sep 14 2023 16:54:15 GMT+0530 (India Standard Time)
[debug] [2023-09-14T11:24:15.746Z] ----------------------------------------------------------------------
[debug] 
[debug] [2023-09-14T11:24:15.882Z] > command requires scopes: ["email","openid","https://www.googleapis.com/auth/cloudplatformprojects.readonly","https://www.googleapis.com/auth/firebase","https://www.googleapis.com/auth/cloud-platform"]
[debug] [2023-09-14T11:24:15.883Z] > authorizing via signed-in user (vishakvn007@gmail.com)
[info] 
     ######## #### ########  ######## ########     ###     ######  ########
     ##        ##  ##     ## ##       ##     ##  ##   ##  ##       ##
     ######    ##  ########  ######   ########  #########  ######  ######
     ##        ##  ##    ##  ##       ##     ## ##     ##       ## ##
     ##       #### ##     ## ######## ########  ##     ##  ######  ########

You're about to initialize a Firebase project in this directory:

  C:\Learning\ProjectWeather\weatherapp

Before we get started, keep in mind:

  * You are currently outside your home directory
  * You are initializing within an existing Firebase project directory

